# JRE version: Java(TM) SE Runtime Environment (8.0_73-b02) (build 1.8.0_73-b02)
# Java VM: Java HotSpot(TM) 64-Bit Server VM (25.73-b02 mixed mode windows-amd64 compressed oops)
Heap:
 PSYoungGen      total 62464K, used 13420K [0x00000000d5b80000, 0x00000000da580000, 0x0000000100000000)
  eden space 58368K, 16% used [0x00000000d5b80000,0x00000000d64f95c8,0x00000000d9480000)
  from space 4096K, 90% used [0x00000000da180000,0x00000000da521af8,0x00000000da580000)
  to   space 5120K, 0% used [0x00000000d9b80000,0x00000000d9b80000,0x00000000da080000)
 ParOldGen       total 60416K, used 13550K [0x0000000081200000, 0x0000000084d00000, 0x00000000d5b80000)
  object space 60416K, 22% used [0x0000000081200000,0x0000000081f3baf8,0x0000000084d00000)
 Metaspace       used 24927K, capacity 26668K, committed 27008K, reserved 1073152K
  class space    used 3519K, capacity 3864K, committed 3968K, reserved 1048576K
GC Heap History (10 events):
Event: 0.949 GC heap before
{Heap before GC invocations=1 (full 0):
 PSYoungGen      total 38400K, used 33274K [0x00000000d5b80000, 0x00000000d8600000, 0x0000000100000000)
  eden space 33280K, 99% used [0x00000000d5b80000,0x00000000d7bfe870,0x00000000d7c00000)
  from space 5120K, 0% used [0x00000000d8100000,0x00000000d8100000,0x00000000d8600000)
  to   space 5120K, 0% used [0x00000000d7c00000,0x00000000d7c00000,0x00000000d8100000)
 ParOldGen       total 87552K, used 0K [0x0000000081200000, 0x0000000086780000, 0x00000000d5b80000)
  object space 87552K, 0% used [0x0000000081200000,0x0000000081200000,0x0000000086780000)
 Metaspace       used 12767K, capacity 13302K, committed 13440K, reserved 1060864K
  class space    used 1737K, capacity 1917K, committed 1920K, reserved 1048576K
Event: 0.958 GC heap after
Heap after GC invocations=1 (full 0):
 PSYoungGen      total 38400K, used 5104K [0x00000000d5b80000, 0x00000000d8600000, 0x0000000100000000)
  eden space 33280K, 0% used [0x00000000d5b80000,0x00000000d5b80000,0x00000000d7c00000)
  from space 5120K, 99% used [0x00000000d7c00000,0x00000000d80fc060,0x00000000d8100000)
  to   space 5120K, 0% used [0x00000000d8100000,0x00000000d8100000,0x00000000d8600000)
 ParOldGen       total 87552K, used 3608K [0x0000000081200000, 0x0000000086780000, 0x00000000d5b80000)
  object space 87552K, 4% used [0x0000000081200000,0x00000000815860a0,0x0000000086780000)
 Metaspace       used 12767K, capacity 13302K, committed 13440K, reserved 1060864K
  class space    used 1737K, capacity 1917K, committed 1920K, reserved 1048576K
}
Event: 4.296 GC heap before
{Heap before GC invocations=2 (full 0):
 PSYoungGen      total 38400K, used 38384K [0x00000000d5b80000, 0x00000000d8600000, 0x0000000100000000)
  eden space 33280K, 100% used [0x00000000d5b80000,0x00000000d7c00000,0x00000000d7c00000)
  from space 5120K, 99% used [0x00000000d7c00000,0x00000000d80fc060,0x00000000d8100000)
  to   space 5120K, 0% used [0x00000000d8100000,0x00000000d8100000,0x00000000d8600000)
 ParOldGen       total 87552K, used 3608K [0x0000000081200000, 0x0000000086780000, 0x00000000d5b80000)
  object space 87552K, 4% used [0x0000000081200000,0x00000000815860a0,0x0000000086780000)
 Metaspace       used 19412K, capacity 20586K, committed 20608K, reserved 1067008K
  class space    used 2937K, capacity 3193K, committed 3200K, reserved 1048576K
Event: 4.309 GC heap after
Heap after GC invocations=2 (full 0):
 PSYoungGen      total 38400K, used 5088K [0x00000000d5b80000, 0x00000000d8600000, 0x0000000100000000)
  eden space 33280K, 0% used [0x00000000d5b80000,0x00000000d5b80000,0x00000000d7c00000)
  from space 5120K, 99% used [0x00000000d8100000,0x00000000d85f8050,0x00000000d8600000)
  to   space 5120K, 0% used [0x00000000d7c00000,0x00000000d7c00000,0x00000000d8100000)
 ParOldGen       total 87552K, used 8486K [0x0000000081200000, 0x0000000086780000, 0x00000000d5b80000)
  object space 87552K, 9% used [0x0000000081200000,0x0000000081a49ad0,0x0000000086780000)
 Metaspace       used 19412K, capacity 20586K, committed 20608K, reserved 1067008K
  class space    used 2937K, capacity 3193K, committed 3200K, reserved 1048576K
}
Event: 4.361 GC heap before
{Heap before GC invocations=3 (full 0):
 PSYoungGen      total 38400K, used 6986K [0x00000000d5b80000, 0x00000000d8600000, 0x0000000100000000)
  eden space 33280K, 5% used [0x00000000d5b80000,0x00000000d5d5a838,0x00000000d7c00000)
  from space 5120K, 99% used [0x00000000d8100000,0x00000000d85f8050,0x00000000d8600000)
  to   space 5120K, 0% used [0x00000000d7c00000,0x00000000d7c00000,0x00000000d8100000)
 ParOldGen       total 87552K, used 8486K [0x0000000081200000, 0x0000000086780000, 0x00000000d5b80000)
  object space 87552K, 9% used [0x0000000081200000,0x0000000081a49ad0,0x0000000086780000)
 Metaspace       used 19893K, capacity 21124K, committed 21248K, reserved 1067008K
  class space    used 2987K, capacity 3240K, committed 3328K, reserved 1048576K
Event: 4.369 GC heap after
Heap after GC invocations=3 (full 0):
 PSYoungGen      total 38400K, used 5104K [0x00000000d5b80000, 0x00000000da680000, 0x0000000100000000)
  eden space 33280K, 0% used [0x00000000d5b80000,0x00000000d5b80000,0x00000000d7c00000)
  from space 5120K, 99% used [0x00000000d7c00000,0x00000000d80fc060,0x00000000d8100000)
  to   space 5120K, 0% used [0x00000000da180000,0x00000000da180000,0x00000000da680000)
 ParOldGen       total 87552K, used 8770K [0x0000000081200000, 0x0000000086780000, 0x00000000d5b80000)
  object space 87552K, 10% used [0x0000000081200000,0x0000000081a90ae0,0x0000000086780000)
 Metaspace       used 19893K, capacity 21124K, committed 21248K, reserved 1067008K
  class space    used 2987K, capacity 3240K, committed 3328K, reserved 1048576K
}
Event: 4.369 GC heap before
{Heap before GC invocations=4 (full 1):
 PSYoungGen      total 38400K, used 5104K [0x00000000d5b80000, 0x00000000da680000, 0x0000000100000000)
  eden space 33280K, 0% used [0x00000000d5b80000,0x00000000d5b80000,0x00000000d7c00000)
  from space 5120K, 99% used [0x00000000d7c00000,0x00000000d80fc060,0x00000000d8100000)
  to   space 5120K, 0% used [0x00000000da180000,0x00000000da180000,0x00000000da680000)
 ParOldGen       total 87552K, used 8770K [0x0000000081200000, 0x0000000086780000, 0x00000000d5b80000)
  object space 87552K, 10% used [0x0000000081200000,0x0000000081a90ae0,0x0000000086780000)
 Metaspace       used 19893K, capacity 21124K, committed 21248K, reserved 1067008K
  class space    used 2987K, capacity 3240K, committed 3328K, reserved 1048576K
Event: 4.419 GC heap after
Heap after GC invocations=4 (full 1):
 PSYoungGen      total 38400K, used 0K [0x00000000d5b80000, 0x00000000da680000, 0x0000000100000000)
  eden space 33280K, 0% used [0x00000000d5b80000,0x00000000d5b80000,0x00000000d7c00000)
  from space 5120K, 0% used [0x00000000d7c00000,0x00000000d7c00000,0x00000000d8100000)
  to   space 5120K, 0% used [0x00000000da180000,0x00000000da180000,0x00000000da680000)
 ParOldGen       total 60416K, used 13542K [0x0000000081200000, 0x0000000084d00000, 0x00000000d5b80000)
  object space 60416K, 22% used [0x0000000081200000,0x0000000081f39af8,0x0000000084d00000)
 Metaspace       used 19893K, capacity 21124K, committed 21248K, reserved 1067008K
  class space    used 2987K, capacity 3240K, committed 3328K, reserved 1048576K
}
Event: 8.081 GC heap before
{Heap before GC invocations=5 (full 1):
 PSYoungGen      total 38400K, used 33280K [0x00000000d5b80000, 0x00000000da680000, 0x0000000100000000)
  eden space 33280K, 100% used [0x00000000d5b80000,0x00000000d7c00000,0x00000000d7c00000)
  from space 5120K, 0% used [0x00000000d7c00000,0x00000000d7c00000,0x00000000d8100000)
  to   space 5120K, 0% used [0x00000000da180000,0x00000000da180000,0x00000000da680000)
 ParOldGen       total 60416K, used 13542K [0x0000000081200000, 0x0000000084d00000, 0x00000000d5b80000)
  object space 60416K, 22% used [0x0000000081200000,0x0000000081f39af8,0x0000000084d00000)
 Metaspace       used 24671K, capacity 26300K, committed 26368K, reserved 1071104K
  class space    used 3494K, capacity 3780K, committed 3840K, reserved 1048576K
Event: 8.092 GC heap after
Heap after GC invocations=5 (full 1):
 PSYoungGen      total 62464K, used 3718K [0x00000000d5b80000, 0x00000000da580000, 0x0000000100000000)
  eden space 58368K, 0% used [0x00000000d5b80000,0x00000000d5b80000,0x00000000d9480000)
  from space 4096K, 90% used [0x00000000da180000,0x00000000da521af8,0x00000000da580000)
  to   space 5120K, 0% used [0x00000000d9b80000,0x00000000d9b80000,0x00000000da080000)
 ParOldGen       total 60416K, used 13550K [0x0000000081200000, 0x0000000084d00000, 0x00000000d5b80000)
  object space 60416K, 22% used [0x0000000081200000,0x0000000081f3baf8,0x0000000084d00000)
 Metaspace       used 24671K, capacity 26300K, committed 26368K, reserved 1071104K
  class space    used 3494K, capacity 3780K, committed 3840K, reserved 1048576K
}

