# JRE version: Java(TM) SE Runtime Environment (8.0_73-b02) (build 1.8.0_73-b02)
# Java VM: Java HotSpot(TM) 64-Bit Server VM (25.73-b02 mixed mode windows-amd64 compressed oops)
Heap:
 PSYoungGen      total 60928K, used 35884K [0x00000000d5b80000, 0x00000000da580000, 0x0000000100000000)
  eden space 56832K, 56% used [0x00000000d5b80000,0x00000000d7aee4e8,0x00000000d9300000)
  from space 4096K, 90% used [0x00000000da180000,0x00000000da51ce80,0x00000000da580000)
  to   space 5120K, 0% used [0x00000000d9b80000,0x00000000d9b80000,0x00000000da080000)
 ParOldGen       total 62464K, used 13562K [0x0000000081200000, 0x0000000084f00000, 0x00000000d5b80000)
  object space 62464K, 21% used [0x0000000081200000,0x0000000081f3e830,0x0000000084f00000)
 Metaspace       used 25218K, capacity 26948K, committed 27136K, reserved 1073152K
  class space    used 3520K, capacity 3804K, committed 3840K, reserved 1048576K
GC Heap History (10 events):
Event: 0.973 GC heap before
{Heap before GC invocations=1 (full 0):
 PSYoungGen      total 38400K, used 33280K [0x00000000d5b80000, 0x00000000d8600000, 0x0000000100000000)
  eden space 33280K, 100% used [0x00000000d5b80000,0x00000000d7c00000,0x00000000d7c00000)
  from space 5120K, 0% used [0x00000000d8100000,0x00000000d8100000,0x00000000d8600000)
  to   space 5120K, 0% used [0x00000000d7c00000,0x00000000d7c00000,0x00000000d8100000)
 ParOldGen       total 87552K, used 0K [0x0000000081200000, 0x0000000086780000, 0x00000000d5b80000)
  object space 87552K, 0% used [0x0000000081200000,0x0000000081200000,0x0000000086780000)
 Metaspace       used 12691K, capacity 13240K, committed 13440K, reserved 1060864K
  class space    used 1723K, capacity 1882K, committed 1920K, reserved 1048576K
Event: 0.985 GC heap after
Heap after GC invocations=1 (full 0):
 PSYoungGen      total 38400K, used 5104K [0x00000000d5b80000, 0x00000000da680000, 0x0000000100000000)
  eden space 33280K, 0% used [0x00000000d5b80000,0x00000000d5b80000,0x00000000d7c00000)
  from space 5120K, 99% used [0x00000000d7c00000,0x00000000d80fc0e0,0x00000000d8100000)
  to   space 5120K, 0% used [0x00000000da180000,0x00000000da180000,0x00000000da680000)
 ParOldGen       total 87552K, used 3598K [0x0000000081200000, 0x0000000086780000, 0x00000000d5b80000)
  object space 87552K, 4% used [0x0000000081200000,0x0000000081583ba0,0x0000000086780000)
 Metaspace       used 12691K, capacity 13240K, committed 13440K, reserved 1060864K
  class space    used 1723K, capacity 1882K, committed 1920K, reserved 1048576K
}
Event: 4.326 GC heap before
{Heap before GC invocations=2 (full 0):
 PSYoungGen      total 38400K, used 38384K [0x00000000d5b80000, 0x00000000da680000, 0x0000000100000000)
  eden space 33280K, 100% used [0x00000000d5b80000,0x00000000d7c00000,0x00000000d7c00000)
  from space 5120K, 99% used [0x00000000d7c00000,0x00000000d80fc0e0,0x00000000d8100000)
  to   space 5120K, 0% used [0x00000000da180000,0x00000000da180000,0x00000000da680000)
 ParOldGen       total 87552K, used 3598K [0x0000000081200000, 0x0000000086780000, 0x00000000d5b80000)
  object space 87552K, 4% used [0x0000000081200000,0x0000000081583ba0,0x0000000086780000)
 Metaspace       used 19499K, capacity 20702K, committed 20864K, reserved 1067008K
  class space    used 2940K, capacity 3193K, committed 3200K, reserved 1048576K
Event: 4.336 GC heap after
Heap after GC invocations=2 (full 0):
 PSYoungGen      total 38400K, used 5106K [0x00000000d5b80000, 0x00000000da680000, 0x0000000100000000)
  eden space 33280K, 0% used [0x00000000d5b80000,0x00000000d5b80000,0x00000000d7c00000)
  from space 5120K, 99% used [0x00000000da180000,0x00000000da67caf0,0x00000000da680000)
  to   space 5120K, 0% used [0x00000000d7c00000,0x00000000d7c00000,0x00000000d8100000)
 ParOldGen       total 87552K, used 8983K [0x0000000081200000, 0x0000000086780000, 0x00000000d5b80000)
  object space 87552K, 10% used [0x0000000081200000,0x0000000081ac5c40,0x0000000086780000)
 Metaspace       used 19499K, capacity 20702K, committed 20864K, reserved 1067008K
  class space    used 2940K, capacity 3193K, committed 3200K, reserved 1048576K
}
Event: 4.400 GC heap before
{Heap before GC invocations=3 (full 0):
 PSYoungGen      total 38400K, used 7014K [0x00000000d5b80000, 0x00000000da680000, 0x0000000100000000)
  eden space 33280K, 5% used [0x00000000d5b80000,0x00000000d5d5cdf8,0x00000000d7c00000)
  from space 5120K, 99% used [0x00000000da180000,0x00000000da67caf0,0x00000000da680000)
  to   space 5120K, 0% used [0x00000000d7c00000,0x00000000d7c00000,0x00000000d8100000)
 ParOldGen       total 87552K, used 8983K [0x0000000081200000, 0x0000000086780000, 0x00000000d5b80000)
  object space 87552K, 10% used [0x0000000081200000,0x0000000081ac5c40,0x0000000086780000)
 Metaspace       used 19916K, capacity 21152K, committed 21248K, reserved 1067008K
  class space    used 2986K, capacity 3272K, committed 3328K, reserved 1048576K
Event: 4.409 GC heap after
Heap after GC invocations=3 (full 0):
 PSYoungGen      total 38400K, used 5088K [0x00000000d5b80000, 0x00000000da680000, 0x0000000100000000)
  eden space 33280K, 0% used [0x00000000d5b80000,0x00000000d5b80000,0x00000000d7c00000)
  from space 5120K, 99% used [0x00000000d7c00000,0x00000000d80f8070,0x00000000d8100000)
  to   space 5120K, 0% used [0x00000000da180000,0x00000000da180000,0x00000000da680000)
 ParOldGen       total 87552K, used 8999K [0x0000000081200000, 0x0000000086780000, 0x00000000d5b80000)
  object space 87552K, 10% used [0x0000000081200000,0x0000000081ac9c40,0x0000000086780000)
 Metaspace       used 19916K, capacity 21152K, committed 21248K, reserved 1067008K
  class space    used 2986K, capacity 3272K, committed 3328K, reserved 1048576K
}
Event: 4.409 GC heap before
{Heap before GC invocations=4 (full 1):
 PSYoungGen      total 38400K, used 5088K [0x00000000d5b80000, 0x00000000da680000, 0x0000000100000000)
  eden space 33280K, 0% used [0x00000000d5b80000,0x00000000d5b80000,0x00000000d7c00000)
  from space 5120K, 99% used [0x00000000d7c00000,0x00000000d80f8070,0x00000000d8100000)
  to   space 5120K, 0% used [0x00000000da180000,0x00000000da180000,0x00000000da680000)
 ParOldGen       total 87552K, used 8999K [0x0000000081200000, 0x0000000086780000, 0x00000000d5b80000)
  object space 87552K, 10% used [0x0000000081200000,0x0000000081ac9c40,0x0000000086780000)
 Metaspace       used 19916K, capacity 21152K, committed 21248K, reserved 1067008K
  class space    used 2986K, capacity 3272K, committed 3328K, reserved 1048576K
Event: 4.470 GC heap after
Heap after GC invocations=4 (full 1):
 PSYoungGen      total 38400K, used 0K [0x00000000d5b80000, 0x00000000da680000, 0x0000000100000000)
  eden space 33280K, 0% used [0x00000000d5b80000,0x00000000d5b80000,0x00000000d7c00000)
  from space 5120K, 0% used [0x00000000d7c00000,0x00000000d7c00000,0x00000000d8100000)
  to   space 5120K, 0% used [0x00000000da180000,0x00000000da180000,0x00000000da680000)
 ParOldGen       total 62464K, used 13554K [0x0000000081200000, 0x0000000084f00000, 0x00000000d5b80000)
  object space 62464K, 21% used [0x0000000081200000,0x0000000081f3c830,0x0000000084f00000)
 Metaspace       used 19916K, capacity 21152K, committed 21248K, reserved 1067008K
  class space    used 2986K, capacity 3272K, committed 3328K, reserved 1048576K
}
Event: 7.872 GC heap before
{Heap before GC invocations=5 (full 1):
 PSYoungGen      total 38400K, used 33280K [0x00000000d5b80000, 0x00000000da680000, 0x0000000100000000)
  eden space 33280K, 100% used [0x00000000d5b80000,0x00000000d7c00000,0x00000000d7c00000)
  from space 5120K, 0% used [0x00000000d7c00000,0x00000000d7c00000,0x00000000d8100000)
  to   space 5120K, 0% used [0x00000000da180000,0x00000000da180000,0x00000000da680000)
 ParOldGen       total 62464K, used 13554K [0x0000000081200000, 0x0000000084f00000, 0x00000000d5b80000)
  object space 62464K, 21% used [0x0000000081200000,0x0000000081f3c830,0x0000000084f00000)
 Metaspace       used 24630K, capacity 26232K, committed 26368K, reserved 1071104K
  class space    used 3492K, capacity 3780K, committed 3840K, reserved 1048576K
Event: 7.880 GC heap after
Heap after GC invocations=5 (full 1):
 PSYoungGen      total 60928K, used 3699K [0x00000000d5b80000, 0x00000000da580000, 0x0000000100000000)
  eden space 56832K, 0% used [0x00000000d5b80000,0x00000000d5b80000,0x00000000d9300000)
  from space 4096K, 90% used [0x00000000da180000,0x00000000da51ce80,0x00000000da580000)
  to   space 5120K, 0% used [0x00000000d9b80000,0x00000000d9b80000,0x00000000da080000)
 ParOldGen       total 62464K, used 13562K [0x0000000081200000, 0x0000000084f00000, 0x00000000d5b80000)
  object space 62464K, 21% used [0x0000000081200000,0x0000000081f3e830,0x0000000084f00000)
 Metaspace       used 24630K, capacity 26232K, committed 26368K, reserved 1071104K
  class space    used 3492K, capacity 3780K, committed 3840K, reserved 1048576K
}

