# JRE version: Java(TM) SE Runtime Environment (8.0_73-b02) (build 1.8.0_73-b02)
# Java VM: Java HotSpot(TM) 64-Bit Server VM (25.73-b02 mixed mode windows-amd64 compressed oops)
Heap:
 PSYoungGen      total 70656K, used 68783K [0x00000000d5b80000, 0x00000000dc980000, 0x0000000100000000)
  eden space 65536K, 97% used [0x00000000d5b80000,0x00000000d9a23c10,0x00000000d9b80000)
  from space 5120K, 90% used [0x00000000d9b80000,0x00000000da008000,0x00000000da080000)
  to   space 12288K, 0% used [0x00000000dbd80000,0x00000000dbd80000,0x00000000dc980000)
 ParOldGen       total 62464K, used 13741K [0x0000000081200000, 0x0000000084f00000, 0x00000000d5b80000)
  object space 62464K, 21% used [0x0000000081200000,0x0000000081f6b7d8,0x0000000084f00000)
 Metaspace       used 25781K, capacity 27540K, committed 27776K, reserved 1073152K
  class space    used 3528K, capacity 3868K, committed 3968K, reserved 1048576K
GC Heap History (10 events):
Event: 6.189 GC heap before
{Heap before GC invocations=2 (full 0):
 PSYoungGen      total 38400K, used 38368K [0x00000000d5b80000, 0x00000000da680000, 0x0000000100000000)
  eden space 33280K, 100% used [0x00000000d5b80000,0x00000000d7c00000,0x00000000d7c00000)
  from space 5120K, 99% used [0x00000000d7c00000,0x00000000d80f8090,0x00000000d8100000)
  to   space 5120K, 0% used [0x00000000da180000,0x00000000da180000,0x00000000da680000)
 ParOldGen       total 87552K, used 3603K [0x0000000081200000, 0x0000000086780000, 0x00000000d5b80000)
  object space 87552K, 4% used [0x0000000081200000,0x0000000081584c20,0x0000000086780000)
 Metaspace       used 19432K, capacity 20650K, committed 20864K, reserved 1067008K
  class space    used 2938K, capacity 3193K, committed 3200K, reserved 1048576K
Event: 6.200 GC heap after
Heap after GC invocations=2 (full 0):
 PSYoungGen      total 38400K, used 5104K [0x00000000d5b80000, 0x00000000da680000, 0x0000000100000000)
  eden space 33280K, 0% used [0x00000000d5b80000,0x00000000d5b80000,0x00000000d7c00000)
  from space 5120K, 99% used [0x00000000da180000,0x00000000da67c0b0,0x00000000da680000)
  to   space 5120K, 0% used [0x00000000d7c00000,0x00000000d7c00000,0x00000000d8100000)
 ParOldGen       total 87552K, used 9005K [0x0000000081200000, 0x0000000086780000, 0x00000000d5b80000)
  object space 87552K, 10% used [0x0000000081200000,0x0000000081acb730,0x0000000086780000)
 Metaspace       used 19432K, capacity 20650K, committed 20864K, reserved 1067008K
  class space    used 2938K, capacity 3193K, committed 3200K, reserved 1048576K
}
Event: 6.268 GC heap before
{Heap before GC invocations=3 (full 0):
 PSYoungGen      total 38400K, used 7022K [0x00000000d5b80000, 0x00000000da680000, 0x0000000100000000)
  eden space 33280K, 5% used [0x00000000d5b80000,0x00000000d5d5f8d0,0x00000000d7c00000)
  from space 5120K, 99% used [0x00000000da180000,0x00000000da67c0b0,0x00000000da680000)
  to   space 5120K, 0% used [0x00000000d7c00000,0x00000000d7c00000,0x00000000d8100000)
 ParOldGen       total 87552K, used 9005K [0x0000000081200000, 0x0000000086780000, 0x00000000d5b80000)
  object space 87552K, 10% used [0x0000000081200000,0x0000000081acb730,0x0000000086780000)
 Metaspace       used 19912K, capacity 21132K, committed 21248K, reserved 1067008K
  class space    used 2990K, capacity 3240K, committed 3328K, reserved 1048576K
Event: 6.275 GC heap after
Heap after GC invocations=3 (full 0):
 PSYoungGen      total 38400K, used 2144K [0x00000000d5b80000, 0x00000000da680000, 0x0000000100000000)
  eden space 33280K, 0% used [0x00000000d5b80000,0x00000000d5b80000,0x00000000d7c00000)
  from space 5120K, 41% used [0x00000000d7c00000,0x00000000d7e18030,0x00000000d8100000)
  to   space 5120K, 0% used [0x00000000da180000,0x00000000da180000,0x00000000da680000)
 ParOldGen       total 87552K, used 12333K [0x0000000081200000, 0x0000000086780000, 0x00000000d5b80000)
  object space 87552K, 14% used [0x0000000081200000,0x0000000081e0b7c0,0x0000000086780000)
 Metaspace       used 19912K, capacity 21132K, committed 21248K, reserved 1067008K
  class space    used 2990K, capacity 3240K, committed 3328K, reserved 1048576K
}
Event: 6.275 GC heap before
{Heap before GC invocations=4 (full 1):
 PSYoungGen      total 38400K, used 2144K [0x00000000d5b80000, 0x00000000da680000, 0x0000000100000000)
  eden space 33280K, 0% used [0x00000000d5b80000,0x00000000d5b80000,0x00000000d7c00000)
  from space 5120K, 41% used [0x00000000d7c00000,0x00000000d7e18030,0x00000000d8100000)
  to   space 5120K, 0% used [0x00000000da180000,0x00000000da180000,0x00000000da680000)
 ParOldGen       total 87552K, used 12333K [0x0000000081200000, 0x0000000086780000, 0x00000000d5b80000)
  object space 87552K, 14% used [0x0000000081200000,0x0000000081e0b7c0,0x0000000086780000)
 Metaspace       used 19912K, capacity 21132K, committed 21248K, reserved 1067008K
  class space    used 2990K, capacity 3240K, committed 3328K, reserved 1048576K
Event: 6.358 GC heap after
Heap after GC invocations=4 (full 1):
 PSYoungGen      total 38400K, used 0K [0x00000000d5b80000, 0x00000000da680000, 0x0000000100000000)
  eden space 33280K, 0% used [0x00000000d5b80000,0x00000000d5b80000,0x00000000d7c00000)
  from space 5120K, 0% used [0x00000000d7c00000,0x00000000d7c00000,0x00000000d8100000)
  to   space 5120K, 0% used [0x00000000da180000,0x00000000da180000,0x00000000da680000)
 ParOldGen       total 62464K, used 13554K [0x0000000081200000, 0x0000000084f00000, 0x00000000d5b80000)
  object space 62464K, 21% used [0x0000000081200000,0x0000000081f3cb20,0x0000000084f00000)
 Metaspace       used 19912K, capacity 21132K, committed 21248K, reserved 1067008K
  class space    used 2990K, capacity 3240K, committed 3328K, reserved 1048576K
}
Event: 12.090 GC heap before
{Heap before GC invocations=5 (full 1):
 PSYoungGen      total 38400K, used 33280K [0x00000000d5b80000, 0x00000000da680000, 0x0000000100000000)
  eden space 33280K, 100% used [0x00000000d5b80000,0x00000000d7c00000,0x00000000d7c00000)
  from space 5120K, 0% used [0x00000000d7c00000,0x00000000d7c00000,0x00000000d8100000)
  to   space 5120K, 0% used [0x00000000da180000,0x00000000da180000,0x00000000da680000)
 ParOldGen       total 62464K, used 13554K [0x0000000081200000, 0x0000000084f00000, 0x00000000d5b80000)
  object space 62464K, 21% used [0x0000000081200000,0x0000000081f3cb20,0x0000000084f00000)
 Metaspace       used 24739K, capacity 26376K, committed 26624K, reserved 1073152K
  class space    used 3497K, capacity 3780K, committed 3840K, reserved 1048576K
Event: 12.104 GC heap after
Heap after GC invocations=5 (full 1):
 PSYoungGen      total 59392K, used 3718K [0x00000000d5b80000, 0x00000000da580000, 0x0000000100000000)
  eden space 55296K, 0% used [0x00000000d5b80000,0x00000000d5b80000,0x00000000d9180000)
  from space 4096K, 90% used [0x00000000da180000,0x00000000da521af8,0x00000000da580000)
  to   space 5120K, 0% used [0x00000000d9b80000,0x00000000d9b80000,0x00000000da080000)
 ParOldGen       total 62464K, used 13562K [0x0000000081200000, 0x0000000084f00000, 0x00000000d5b80000)
  object space 62464K, 21% used [0x0000000081200000,0x0000000081f3eb20,0x0000000084f00000)
 Metaspace       used 24739K, capacity 26376K, committed 26624K, reserved 1073152K
  class space    used 3497K, capacity 3780K, committed 3840K, reserved 1048576K
}
Event: 37.650 GC heap before
{Heap before GC invocations=6 (full 1):
 PSYoungGen      total 59392K, used 59014K [0x00000000d5b80000, 0x00000000da580000, 0x0000000100000000)
  eden space 55296K, 100% used [0x00000000d5b80000,0x00000000d9180000,0x00000000d9180000)
  from space 4096K, 90% used [0x00000000da180000,0x00000000da521af8,0x00000000da580000)
  to   space 5120K, 0% used [0x00000000d9b80000,0x00000000d9b80000,0x00000000da080000)
 ParOldGen       total 62464K, used 13733K [0x0000000081200000, 0x0000000084f00000, 0x00000000d5b80000)
  object space 62464K, 21% used [0x0000000081200000,0x0000000081f697d8,0x0000000084f00000)
 Metaspace       used 25563K, capacity 27256K, committed 27520K, reserved 1073152K
  class space    used 3523K, capacity 3862K, committed 3968K, reserved 1048576K
Event: 37.659 GC heap after
Heap after GC invocations=6 (full 1):
 PSYoungGen      total 70656K, used 4640K [0x00000000d5b80000, 0x00000000dc980000, 0x0000000100000000)
  eden space 65536K, 0% used [0x00000000d5b80000,0x00000000d5b80000,0x00000000d9b80000)
  from space 5120K, 90% used [0x00000000d9b80000,0x00000000da008000,0x00000000da080000)
  to   space 12288K, 0% used [0x00000000dbd80000,0x00000000dbd80000,0x00000000dc980000)
 ParOldGen       total 62464K, used 13741K [0x0000000081200000, 0x0000000084f00000, 0x00000000d5b80000)
  object space 62464K, 21% used [0x0000000081200000,0x0000000081f6b7d8,0x0000000084f00000)
 Metaspace       used 25563K, capacity 27256K, committed 27520K, reserved 1073152K
  class space    used 3523K, capacity 3862K, committed 3968K, reserved 1048576K
}

