# JRE version: Java(TM) SE Runtime Environment (8.0_73-b02) (build 1.8.0_73-b02)
# Java VM: Java HotSpot(TM) 64-Bit Server VM (25.73-b02 mixed mode windows-amd64 compressed oops)
Heap:
 PSYoungGen      total 62464K, used 18329K [0x00000000d5b80000, 0x00000000da580000, 0x0000000100000000)
  eden space 58368K, 25% used [0x00000000d5b80000,0x00000000d69d4ba0,0x00000000d9480000)
  from space 4096K, 89% used [0x00000000da180000,0x00000000da511af8,0x00000000da580000)
  to   space 5120K, 0% used [0x00000000d9b80000,0x00000000d9b80000,0x00000000da080000)
 ParOldGen       total 60928K, used 13566K [0x0000000081200000, 0x0000000084d80000, 0x00000000d5b80000)
  object space 60928K, 22% used [0x0000000081200000,0x0000000081f3f9a8,0x0000000084d80000)
 Metaspace       used 25090K, capacity 26754K, committed 26880K, reserved 1073152K
  class space    used 3521K, capacity 3833K, committed 3840K, reserved 1048576K
GC Heap History (10 events):
Event: 1.006 GC heap before
{Heap before GC invocations=1 (full 0):
 PSYoungGen      total 38400K, used 33280K [0x00000000d5b80000, 0x00000000d8600000, 0x0000000100000000)
  eden space 33280K, 100% used [0x00000000d5b80000,0x00000000d7c00000,0x00000000d7c00000)
  from space 5120K, 0% used [0x00000000d8100000,0x00000000d8100000,0x00000000d8600000)
  to   space 5120K, 0% used [0x00000000d7c00000,0x00000000d7c00000,0x00000000d8100000)
 ParOldGen       total 87552K, used 0K [0x0000000081200000, 0x0000000086780000, 0x00000000d5b80000)
  object space 87552K, 0% used [0x0000000081200000,0x0000000081200000,0x0000000086780000)
 Metaspace       used 12782K, capacity 13340K, committed 13440K, reserved 1060864K
  class space    used 1735K, capacity 1918K, committed 1920K, reserved 1048576K
Event: 1.015 GC heap after
Heap after GC invocations=1 (full 0):
 PSYoungGen      total 38400K, used 5088K [0x00000000d5b80000, 0x00000000d8600000, 0x0000000100000000)
  eden space 33280K, 0% used [0x00000000d5b80000,0x00000000d5b80000,0x00000000d7c00000)
  from space 5120K, 99% used [0x00000000d7c00000,0x00000000d80f8070,0x00000000d8100000)
  to   space 5120K, 0% used [0x00000000d8100000,0x00000000d8100000,0x00000000d8600000)
 ParOldGen       total 87552K, used 3640K [0x0000000081200000, 0x0000000086780000, 0x00000000d5b80000)
  object space 87552K, 4% used [0x0000000081200000,0x000000008158e0a0,0x0000000086780000)
 Metaspace       used 12782K, capacity 13340K, committed 13440K, reserved 1060864K
  class space    used 1735K, capacity 1918K, committed 1920K, reserved 1048576K
}
Event: 5.905 GC heap before
{Heap before GC invocations=2 (full 0):
 PSYoungGen      total 38400K, used 38368K [0x00000000d5b80000, 0x00000000d8600000, 0x0000000100000000)
  eden space 33280K, 100% used [0x00000000d5b80000,0x00000000d7c00000,0x00000000d7c00000)
  from space 5120K, 99% used [0x00000000d7c00000,0x00000000d80f8070,0x00000000d8100000)
  to   space 5120K, 0% used [0x00000000d8100000,0x00000000d8100000,0x00000000d8600000)
 ParOldGen       total 87552K, used 3640K [0x0000000081200000, 0x0000000086780000, 0x00000000d5b80000)
  object space 87552K, 4% used [0x0000000081200000,0x000000008158e0a0,0x0000000086780000)
 Metaspace       used 19430K, capacity 20562K, committed 20608K, reserved 1067008K
  class space    used 2940K, capacity 3193K, committed 3200K, reserved 1048576K
Event: 5.916 GC heap after
Heap after GC invocations=2 (full 0):
 PSYoungGen      total 38400K, used 5088K [0x00000000d5b80000, 0x00000000d8600000, 0x0000000100000000)
  eden space 33280K, 0% used [0x00000000d5b80000,0x00000000d5b80000,0x00000000d7c00000)
  from space 5120K, 99% used [0x00000000d8100000,0x00000000d85f8070,0x00000000d8600000)
  to   space 5120K, 0% used [0x00000000d7c00000,0x00000000d7c00000,0x00000000d8100000)
 ParOldGen       total 87552K, used 8758K [0x0000000081200000, 0x0000000086780000, 0x00000000d5b80000)
  object space 87552K, 10% used [0x0000000081200000,0x0000000081a8d8d0,0x0000000086780000)
 Metaspace       used 19430K, capacity 20562K, committed 20608K, reserved 1067008K
  class space    used 2940K, capacity 3193K, committed 3200K, reserved 1048576K
}
Event: 5.995 GC heap before
{Heap before GC invocations=3 (full 0):
 PSYoungGen      total 38400K, used 7532K [0x00000000d5b80000, 0x00000000d8600000, 0x0000000100000000)
  eden space 33280K, 7% used [0x00000000d5b80000,0x00000000d5de2fd8,0x00000000d7c00000)
  from space 5120K, 99% used [0x00000000d8100000,0x00000000d85f8070,0x00000000d8600000)
  to   space 5120K, 0% used [0x00000000d7c00000,0x00000000d7c00000,0x00000000d8100000)
 ParOldGen       total 87552K, used 8758K [0x0000000081200000, 0x0000000086780000, 0x00000000d5b80000)
  object space 87552K, 10% used [0x0000000081200000,0x0000000081a8d8d0,0x0000000086780000)
 Metaspace       used 19960K, capacity 21134K, committed 21248K, reserved 1067008K
  class space    used 2996K, capacity 3271K, committed 3328K, reserved 1048576K
Event: 6.004 GC heap after
Heap after GC invocations=3 (full 0):
 PSYoungGen      total 38400K, used 5104K [0x00000000d5b80000, 0x00000000da680000, 0x0000000100000000)
  eden space 33280K, 0% used [0x00000000d5b80000,0x00000000d5b80000,0x00000000d7c00000)
  from space 5120K, 99% used [0x00000000d7c00000,0x00000000d80fc080,0x00000000d8100000)
  to   space 5120K, 0% used [0x00000000da180000,0x00000000da180000,0x00000000da680000)
 ParOldGen       total 87552K, used 8982K [0x0000000081200000, 0x0000000086780000, 0x00000000d5b80000)
  object space 87552K, 10% used [0x0000000081200000,0x0000000081ac58d0,0x0000000086780000)
 Metaspace       used 19960K, capacity 21134K, committed 21248K, reserved 1067008K
  class space    used 2996K, capacity 3271K, committed 3328K, reserved 1048576K
}
Event: 6.004 GC heap before
{Heap before GC invocations=4 (full 1):
 PSYoungGen      total 38400K, used 5104K [0x00000000d5b80000, 0x00000000da680000, 0x0000000100000000)
  eden space 33280K, 0% used [0x00000000d5b80000,0x00000000d5b80000,0x00000000d7c00000)
  from space 5120K, 99% used [0x00000000d7c00000,0x00000000d80fc080,0x00000000d8100000)
  to   space 5120K, 0% used [0x00000000da180000,0x00000000da180000,0x00000000da680000)
 ParOldGen       total 87552K, used 8982K [0x0000000081200000, 0x0000000086780000, 0x00000000d5b80000)
  object space 87552K, 10% used [0x0000000081200000,0x0000000081ac58d0,0x0000000086780000)
 Metaspace       used 19960K, capacity 21134K, committed 21248K, reserved 1067008K
  class space    used 2996K, capacity 3271K, committed 3328K, reserved 1048576K
Event: 6.062 GC heap after
Heap after GC invocations=4 (full 1):
 PSYoungGen      total 38400K, used 0K [0x00000000d5b80000, 0x00000000da680000, 0x0000000100000000)
  eden space 33280K, 0% used [0x00000000d5b80000,0x00000000d5b80000,0x00000000d7c00000)
  from space 5120K, 0% used [0x00000000d7c00000,0x00000000d7c00000,0x00000000d8100000)
  to   space 5120K, 0% used [0x00000000da180000,0x00000000da180000,0x00000000da680000)
 ParOldGen       total 60928K, used 13558K [0x0000000081200000, 0x0000000084d80000, 0x00000000d5b80000)
  object space 60928K, 22% used [0x0000000081200000,0x0000000081f3d9a8,0x0000000084d80000)
 Metaspace       used 19960K, capacity 21134K, committed 21248K, reserved 1067008K
  class space    used 2996K, capacity 3271K, committed 3328K, reserved 1048576K
}
Event: 9.216 GC heap before
{Heap before GC invocations=5 (full 1):
 PSYoungGen      total 38400K, used 33280K [0x00000000d5b80000, 0x00000000da680000, 0x0000000100000000)
  eden space 33280K, 100% used [0x00000000d5b80000,0x00000000d7c00000,0x00000000d7c00000)
  from space 5120K, 0% used [0x00000000d7c00000,0x00000000d7c00000,0x00000000d8100000)
  to   space 5120K, 0% used [0x00000000da180000,0x00000000da180000,0x00000000da680000)
 ParOldGen       total 60928K, used 13558K [0x0000000081200000, 0x0000000084d80000, 0x00000000d5b80000)
  object space 60928K, 22% used [0x0000000081200000,0x0000000081f3d9a8,0x0000000084d80000)
 Metaspace       used 24602K, capacity 26150K, committed 26368K, reserved 1071104K
  class space    used 3492K, capacity 3779K, committed 3840K, reserved 1048576K
Event: 9.227 GC heap after
Heap after GC invocations=5 (full 1):
 PSYoungGen      total 62464K, used 3654K [0x00000000d5b80000, 0x00000000da580000, 0x0000000100000000)
  eden space 58368K, 0% used [0x00000000d5b80000,0x00000000d5b80000,0x00000000d9480000)
  from space 4096K, 89% used [0x00000000da180000,0x00000000da511af8,0x00000000da580000)
  to   space 5120K, 0% used [0x00000000d9b80000,0x00000000d9b80000,0x00000000da080000)
 ParOldGen       total 60928K, used 13566K [0x0000000081200000, 0x0000000084d80000, 0x00000000d5b80000)
  object space 60928K, 22% used [0x0000000081200000,0x0000000081f3f9a8,0x0000000084d80000)
 Metaspace       used 24602K, capacity 26150K, committed 26368K, reserved 1071104K
  class space    used 3492K, capacity 3779K, committed 3840K, reserved 1048576K
}

