# JRE version: Java(TM) SE Runtime Environment (8.0_73-b02) (build 1.8.0_73-b02)
# Java VM: Java HotSpot(TM) 64-Bit Server VM (25.73-b02 mixed mode windows-amd64 compressed oops)
Heap:
 PSYoungGen      total 59904K, used 21179K [0x00000000d5b80000, 0x00000000da580000, 0x0000000100000000)
  eden space 55808K, 31% used [0x00000000d5b80000,0x00000000d6cad3b8,0x00000000d9200000)
  from space 4096K, 87% used [0x00000000da180000,0x00000000da501af8,0x00000000da580000)
  to   space 5120K, 0% used [0x00000000d9b80000,0x00000000d9b80000,0x00000000da080000)
 ParOldGen       total 63488K, used 13587K [0x0000000081200000, 0x0000000085000000, 0x00000000d5b80000)
  object space 63488K, 21% used [0x0000000081200000,0x0000000081f44c60,0x0000000085000000)
 Metaspace       used 24955K, capacity 26602K, committed 26880K, reserved 1073152K
  class space    used 3504K, capacity 3795K, committed 3840K, reserved 1048576K
GC Heap History (10 events):
Event: 0.974 GC heap before
{Heap before GC invocations=1 (full 0):
 PSYoungGen      total 38400K, used 33280K [0x00000000d5b80000, 0x00000000d8600000, 0x0000000100000000)
  eden space 33280K, 100% used [0x00000000d5b80000,0x00000000d7c00000,0x00000000d7c00000)
  from space 5120K, 0% used [0x00000000d8100000,0x00000000d8100000,0x00000000d8600000)
  to   space 5120K, 0% used [0x00000000d7c00000,0x00000000d7c00000,0x00000000d8100000)
 ParOldGen       total 87552K, used 0K [0x0000000081200000, 0x0000000086780000, 0x00000000d5b80000)
  object space 87552K, 0% used [0x0000000081200000,0x0000000081200000,0x0000000086780000)
 Metaspace       used 12657K, capacity 13168K, committed 13440K, reserved 1060864K
  class space    used 1725K, capacity 1882K, committed 1920K, reserved 1048576K
Event: 0.983 GC heap after
Heap after GC invocations=1 (full 0):
 PSYoungGen      total 38400K, used 5088K [0x00000000d5b80000, 0x00000000d8600000, 0x0000000100000000)
  eden space 33280K, 0% used [0x00000000d5b80000,0x00000000d5b80000,0x00000000d7c00000)
  from space 5120K, 99% used [0x00000000d7c00000,0x00000000d80f80b0,0x00000000d8100000)
  to   space 5120K, 0% used [0x00000000d8100000,0x00000000d8100000,0x00000000d8600000)
 ParOldGen       total 87552K, used 3601K [0x0000000081200000, 0x0000000086780000, 0x00000000d5b80000)
  object space 87552K, 4% used [0x0000000081200000,0x00000000815847c8,0x0000000086780000)
 Metaspace       used 12657K, capacity 13168K, committed 13440K, reserved 1060864K
  class space    used 1725K, capacity 1882K, committed 1920K, reserved 1048576K
}
Event: 4.910 GC heap before
{Heap before GC invocations=2 (full 0):
 PSYoungGen      total 38400K, used 38368K [0x00000000d5b80000, 0x00000000d8600000, 0x0000000100000000)
  eden space 33280K, 100% used [0x00000000d5b80000,0x00000000d7c00000,0x00000000d7c00000)
  from space 5120K, 99% used [0x00000000d7c00000,0x00000000d80f80b0,0x00000000d8100000)
  to   space 5120K, 0% used [0x00000000d8100000,0x00000000d8100000,0x00000000d8600000)
 ParOldGen       total 87552K, used 3601K [0x0000000081200000, 0x0000000086780000, 0x00000000d5b80000)
  object space 87552K, 4% used [0x0000000081200000,0x00000000815847c8,0x0000000086780000)
 Metaspace       used 19440K, capacity 20634K, committed 20864K, reserved 1067008K
  class space    used 2939K, capacity 3193K, committed 3200K, reserved 1048576K
Event: 4.921 GC heap after
Heap after GC invocations=2 (full 0):
 PSYoungGen      total 38400K, used 5088K [0x00000000d5b80000, 0x00000000d8600000, 0x0000000100000000)
  eden space 33280K, 0% used [0x00000000d5b80000,0x00000000d5b80000,0x00000000d7c00000)
  from space 5120K, 99% used [0x00000000d8100000,0x00000000d85f8090,0x00000000d8600000)
  to   space 5120K, 0% used [0x00000000d7c00000,0x00000000d7c00000,0x00000000d8100000)
 ParOldGen       total 87552K, used 9045K [0x0000000081200000, 0x0000000086780000, 0x00000000d5b80000)
  object space 87552K, 10% used [0x0000000081200000,0x0000000081ad54c8,0x0000000086780000)
 Metaspace       used 19440K, capacity 20634K, committed 20864K, reserved 1067008K
  class space    used 2939K, capacity 3193K, committed 3200K, reserved 1048576K
}
Event: 5.001 GC heap before
{Heap before GC invocations=3 (full 0):
 PSYoungGen      total 38400K, used 8147K [0x00000000d5b80000, 0x00000000d8600000, 0x0000000100000000)
  eden space 33280K, 9% used [0x00000000d5b80000,0x00000000d5e7cdd0,0x00000000d7c00000)
  from space 5120K, 99% used [0x00000000d8100000,0x00000000d85f8090,0x00000000d8600000)
  to   space 5120K, 0% used [0x00000000d7c00000,0x00000000d7c00000,0x00000000d8100000)
 ParOldGen       total 87552K, used 9045K [0x0000000081200000, 0x0000000086780000, 0x00000000d5b80000)
  object space 87552K, 10% used [0x0000000081200000,0x0000000081ad54c8,0x0000000086780000)
 Metaspace       used 19944K, capacity 21146K, committed 21248K, reserved 1067008K
  class space    used 2995K, capacity 3271K, committed 3328K, reserved 1048576K
Event: 5.009 GC heap after
Heap after GC invocations=3 (full 0):
 PSYoungGen      total 38400K, used 5088K [0x00000000d5b80000, 0x00000000da680000, 0x0000000100000000)
  eden space 33280K, 0% used [0x00000000d5b80000,0x00000000d5b80000,0x00000000d7c00000)
  from space 5120K, 99% used [0x00000000d7c00000,0x00000000d80f8090,0x00000000d8100000)
  to   space 5120K, 0% used [0x00000000da180000,0x00000000da180000,0x00000000da680000)
 ParOldGen       total 87552K, used 9349K [0x0000000081200000, 0x0000000086780000, 0x00000000d5b80000)
  object space 87552K, 10% used [0x0000000081200000,0x0000000081b214c8,0x0000000086780000)
 Metaspace       used 19944K, capacity 21146K, committed 21248K, reserved 1067008K
  class space    used 2995K, capacity 3271K, committed 3328K, reserved 1048576K
}
Event: 5.009 GC heap before
{Heap before GC invocations=4 (full 1):
 PSYoungGen      total 38400K, used 5088K [0x00000000d5b80000, 0x00000000da680000, 0x0000000100000000)
  eden space 33280K, 0% used [0x00000000d5b80000,0x00000000d5b80000,0x00000000d7c00000)
  from space 5120K, 99% used [0x00000000d7c00000,0x00000000d80f8090,0x00000000d8100000)
  to   space 5120K, 0% used [0x00000000da180000,0x00000000da180000,0x00000000da680000)
 ParOldGen       total 87552K, used 9349K [0x0000000081200000, 0x0000000086780000, 0x00000000d5b80000)
  object space 87552K, 10% used [0x0000000081200000,0x0000000081b214c8,0x0000000086780000)
 Metaspace       used 19944K, capacity 21146K, committed 21248K, reserved 1067008K
  class space    used 2995K, capacity 3271K, committed 3328K, reserved 1048576K
Event: 5.071 GC heap after
Heap after GC invocations=4 (full 1):
 PSYoungGen      total 38400K, used 0K [0x00000000d5b80000, 0x00000000da680000, 0x0000000100000000)
  eden space 33280K, 0% used [0x00000000d5b80000,0x00000000d5b80000,0x00000000d7c00000)
  from space 5120K, 0% used [0x00000000d7c00000,0x00000000d7c00000,0x00000000d8100000)
  to   space 5120K, 0% used [0x00000000da180000,0x00000000da180000,0x00000000da680000)
 ParOldGen       total 63488K, used 13579K [0x0000000081200000, 0x0000000085000000, 0x00000000d5b80000)
  object space 63488K, 21% used [0x0000000081200000,0x0000000081f42c60,0x0000000085000000)
 Metaspace       used 19944K, capacity 21146K, committed 21248K, reserved 1067008K
  class space    used 2995K, capacity 3271K, committed 3328K, reserved 1048576K
}
Event: 8.283 GC heap before
{Heap before GC invocations=5 (full 1):
 PSYoungGen      total 38400K, used 33280K [0x00000000d5b80000, 0x00000000da680000, 0x0000000100000000)
  eden space 33280K, 100% used [0x00000000d5b80000,0x00000000d7c00000,0x00000000d7c00000)
  from space 5120K, 0% used [0x00000000d7c00000,0x00000000d7c00000,0x00000000d8100000)
  to   space 5120K, 0% used [0x00000000da180000,0x00000000da180000,0x00000000da680000)
 ParOldGen       total 63488K, used 13579K [0x0000000081200000, 0x0000000085000000, 0x00000000d5b80000)
  object space 63488K, 21% used [0x0000000081200000,0x0000000081f42c60,0x0000000085000000)
 Metaspace       used 24553K, capacity 26162K, committed 26368K, reserved 1071104K
  class space    used 3490K, capacity 3779K, committed 3840K, reserved 1048576K
Event: 8.297 GC heap after
Heap after GC invocations=5 (full 1):
 PSYoungGen      total 59904K, used 3590K [0x00000000d5b80000, 0x00000000da580000, 0x0000000100000000)
  eden space 55808K, 0% used [0x00000000d5b80000,0x00000000d5b80000,0x00000000d9200000)
  from space 4096K, 87% used [0x00000000da180000,0x00000000da501af8,0x00000000da580000)
  to   space 5120K, 0% used [0x00000000d9b80000,0x00000000d9b80000,0x00000000da080000)
 ParOldGen       total 63488K, used 13587K [0x0000000081200000, 0x0000000085000000, 0x00000000d5b80000)
  object space 63488K, 21% used [0x0000000081200000,0x0000000081f44c60,0x0000000085000000)
 Metaspace       used 24553K, capacity 26162K, committed 26368K, reserved 1071104K
  class space    used 3490K, capacity 3779K, committed 3840K, reserved 1048576K
}

