# JRE version: Java(TM) SE Runtime Environment (8.0_73-b02) (build 1.8.0_73-b02)
# Java VM: Java HotSpot(TM) 64-Bit Server VM (25.73-b02 mixed mode windows-amd64 compressed oops)
Heap:
 PSYoungGen      total 64512K, used 58746K [0x00000000d5b80000, 0x00000000da580000, 0x0000000100000000)
  eden space 60416K, 91% used [0x00000000d5b80000,0x00000000d914d030,0x00000000d9680000)
  from space 4096K, 89% used [0x00000000da180000,0x00000000da511af8,0x00000000da580000)
  to   space 5120K, 0% used [0x00000000d9b80000,0x00000000d9b80000,0x00000000da080000)
 ParOldGen       total 58880K, used 13564K [0x0000000081200000, 0x0000000084b80000, 0x00000000d5b80000)
  object space 58880K, 23% used [0x0000000081200000,0x0000000081f3f1b0,0x0000000084b80000)
 Metaspace       used 25404K, capacity 27104K, committed 27136K, reserved 1073152K
  class space    used 3522K, capacity 3834K, committed 3840K, reserved 1048576K
GC Heap History (10 events):
Event: 0.981 GC heap before
{Heap before GC invocations=1 (full 0):
 PSYoungGen      total 38400K, used 33280K [0x00000000d5b80000, 0x00000000d8600000, 0x0000000100000000)
  eden space 33280K, 100% used [0x00000000d5b80000,0x00000000d7c00000,0x00000000d7c00000)
  from space 5120K, 0% used [0x00000000d8100000,0x00000000d8100000,0x00000000d8600000)
  to   space 5120K, 0% used [0x00000000d7c00000,0x00000000d7c00000,0x00000000d8100000)
 ParOldGen       total 87552K, used 0K [0x0000000081200000, 0x0000000086780000, 0x00000000d5b80000)
  object space 87552K, 0% used [0x0000000081200000,0x0000000081200000,0x0000000086780000)
 Metaspace       used 12666K, capacity 13186K, committed 13440K, reserved 1060864K
  class space    used 1726K, capacity 1883K, committed 1920K, reserved 1048576K
Event: 0.991 GC heap after
Heap after GC invocations=1 (full 0):
 PSYoungGen      total 38400K, used 5104K [0x00000000d5b80000, 0x00000000d8600000, 0x0000000100000000)
  eden space 33280K, 0% used [0x00000000d5b80000,0x00000000d5b80000,0x00000000d7c00000)
  from space 5120K, 99% used [0x00000000d7c00000,0x00000000d80fc0c0,0x00000000d8100000)
  to   space 5120K, 0% used [0x00000000d8100000,0x00000000d8100000,0x00000000d8600000)
 ParOldGen       total 87552K, used 3609K [0x0000000081200000, 0x0000000086780000, 0x00000000d5b80000)
  object space 87552K, 4% used [0x0000000081200000,0x00000000815867e0,0x0000000086780000)
 Metaspace       used 12666K, capacity 13186K, committed 13440K, reserved 1060864K
  class space    used 1726K, capacity 1883K, committed 1920K, reserved 1048576K
}
Event: 6.293 GC heap before
{Heap before GC invocations=2 (full 0):
 PSYoungGen      total 38400K, used 38384K [0x00000000d5b80000, 0x00000000d8600000, 0x0000000100000000)
  eden space 33280K, 100% used [0x00000000d5b80000,0x00000000d7c00000,0x00000000d7c00000)
  from space 5120K, 99% used [0x00000000d7c00000,0x00000000d80fc0c0,0x00000000d8100000)
  to   space 5120K, 0% used [0x00000000d8100000,0x00000000d8100000,0x00000000d8600000)
 ParOldGen       total 87552K, used 3609K [0x0000000081200000, 0x0000000086780000, 0x00000000d5b80000)
  object space 87552K, 4% used [0x0000000081200000,0x00000000815867e0,0x0000000086780000)
 Metaspace       used 19474K, capacity 20646K, committed 20864K, reserved 1067008K
  class space    used 2939K, capacity 3193K, committed 3200K, reserved 1048576K
Event: 6.303 GC heap after
Heap after GC invocations=2 (full 0):
 PSYoungGen      total 38400K, used 5058K [0x00000000d5b80000, 0x00000000d8600000, 0x0000000100000000)
  eden space 33280K, 0% used [0x00000000d5b80000,0x00000000d5b80000,0x00000000d7c00000)
  from space 5120K, 98% used [0x00000000d8100000,0x00000000d85f0ac0,0x00000000d8600000)
  to   space 5120K, 0% used [0x00000000d7c00000,0x00000000d7c00000,0x00000000d8100000)
 ParOldGen       total 87552K, used 9002K [0x0000000081200000, 0x0000000086780000, 0x00000000d5b80000)
  object space 87552K, 10% used [0x0000000081200000,0x0000000081aca880,0x0000000086780000)
 Metaspace       used 19474K, capacity 20646K, committed 20864K, reserved 1067008K
  class space    used 2939K, capacity 3193K, committed 3200K, reserved 1048576K
}
Event: 6.371 GC heap before
{Heap before GC invocations=3 (full 0):
 PSYoungGen      total 38400K, used 7530K [0x00000000d5b80000, 0x00000000d8600000, 0x0000000100000000)
  eden space 33280K, 7% used [0x00000000d5b80000,0x00000000d5de9f68,0x00000000d7c00000)
  from space 5120K, 98% used [0x00000000d8100000,0x00000000d85f0ac0,0x00000000d8600000)
  to   space 5120K, 0% used [0x00000000d7c00000,0x00000000d7c00000,0x00000000d8100000)
 ParOldGen       total 87552K, used 9002K [0x0000000081200000, 0x0000000086780000, 0x00000000d5b80000)
  object space 87552K, 10% used [0x0000000081200000,0x0000000081aca880,0x0000000086780000)
 Metaspace       used 19913K, capacity 21154K, committed 21248K, reserved 1067008K
  class space    used 2988K, capacity 3271K, committed 3328K, reserved 1048576K
Event: 6.380 GC heap after
Heap after GC invocations=3 (full 0):
 PSYoungGen      total 38400K, used 5093K [0x00000000d5b80000, 0x00000000da680000, 0x0000000100000000)
  eden space 33280K, 0% used [0x00000000d5b80000,0x00000000d5b80000,0x00000000d7c00000)
  from space 5120K, 99% used [0x00000000d7c00000,0x00000000d80f9550,0x00000000d8100000)
  to   space 5120K, 0% used [0x00000000da180000,0x00000000da180000,0x00000000da680000)
 ParOldGen       total 87552K, used 9010K [0x0000000081200000, 0x0000000086780000, 0x00000000d5b80000)
  object space 87552K, 10% used [0x0000000081200000,0x0000000081acc880,0x0000000086780000)
 Metaspace       used 19913K, capacity 21154K, committed 21248K, reserved 1067008K
  class space    used 2988K, capacity 3271K, committed 3328K, reserved 1048576K
}
Event: 6.380 GC heap before
{Heap before GC invocations=4 (full 1):
 PSYoungGen      total 38400K, used 5093K [0x00000000d5b80000, 0x00000000da680000, 0x0000000100000000)
  eden space 33280K, 0% used [0x00000000d5b80000,0x00000000d5b80000,0x00000000d7c00000)
  from space 5120K, 99% used [0x00000000d7c00000,0x00000000d80f9550,0x00000000d8100000)
  to   space 5120K, 0% used [0x00000000da180000,0x00000000da180000,0x00000000da680000)
 ParOldGen       total 87552K, used 9010K [0x0000000081200000, 0x0000000086780000, 0x00000000d5b80000)
  object space 87552K, 10% used [0x0000000081200000,0x0000000081acc880,0x0000000086780000)
 Metaspace       used 19913K, capacity 21154K, committed 21248K, reserved 1067008K
  class space    used 2988K, capacity 3271K, committed 3328K, reserved 1048576K
Event: 6.426 GC heap after
Heap after GC invocations=4 (full 1):
 PSYoungGen      total 38400K, used 0K [0x00000000d5b80000, 0x00000000da680000, 0x0000000100000000)
  eden space 33280K, 0% used [0x00000000d5b80000,0x00000000d5b80000,0x00000000d7c00000)
  from space 5120K, 0% used [0x00000000d7c00000,0x00000000d7c00000,0x00000000d8100000)
  to   space 5120K, 0% used [0x00000000da180000,0x00000000da180000,0x00000000da680000)
 ParOldGen       total 58880K, used 13556K [0x0000000081200000, 0x0000000084b80000, 0x00000000d5b80000)
  object space 58880K, 23% used [0x0000000081200000,0x0000000081f3d1b0,0x0000000084b80000)
 Metaspace       used 19913K, capacity 21154K, committed 21248K, reserved 1067008K
  class space    used 2988K, capacity 3271K, committed 3328K, reserved 1048576K
}
Event: 10.919 GC heap before
{Heap before GC invocations=5 (full 1):
 PSYoungGen      total 38400K, used 33280K [0x00000000d5b80000, 0x00000000da680000, 0x0000000100000000)
  eden space 33280K, 100% used [0x00000000d5b80000,0x00000000d7c00000,0x00000000d7c00000)
  from space 5120K, 0% used [0x00000000d7c00000,0x00000000d7c00000,0x00000000d8100000)
  to   space 5120K, 0% used [0x00000000da180000,0x00000000da180000,0x00000000da680000)
 ParOldGen       total 58880K, used 13556K [0x0000000081200000, 0x0000000084b80000, 0x00000000d5b80000)
  object space 58880K, 23% used [0x0000000081200000,0x0000000081f3d1b0,0x0000000084b80000)
 Metaspace       used 24668K, capacity 26174K, committed 26368K, reserved 1071104K
  class space    used 3494K, capacity 3779K, committed 3840K, reserved 1048576K
Event: 10.927 GC heap after
Heap after GC invocations=5 (full 1):
 PSYoungGen      total 64512K, used 3654K [0x00000000d5b80000, 0x00000000da580000, 0x0000000100000000)
  eden space 60416K, 0% used [0x00000000d5b80000,0x00000000d5b80000,0x00000000d9680000)
  from space 4096K, 89% used [0x00000000da180000,0x00000000da511af8,0x00000000da580000)
  to   space 5120K, 0% used [0x00000000d9b80000,0x00000000d9b80000,0x00000000da080000)
 ParOldGen       total 58880K, used 13564K [0x0000000081200000, 0x0000000084b80000, 0x00000000d5b80000)
  object space 58880K, 23% used [0x0000000081200000,0x0000000081f3f1b0,0x0000000084b80000)
 Metaspace       used 24668K, capacity 26174K, committed 26368K, reserved 1071104K
  class space    used 3494K, capacity 3779K, committed 3840K, reserved 1048576K
}

